0 verbose cli /Users/joshlane/Documents/Playground 2/inspectflow/.tools/node-v20.13.1-darwin-arm64/bin/node /Users/joshlane/Documents/Playground 2/inspectflow/.tools/node-v20.13.1-darwin-arm64/bin/npm
1 info using npm@10.5.2
2 info using node@v20.13.1
3 timing npm:load:whichnode Completed in 0ms
4 timing config:load:defaults Completed in 1ms
5 timing config:load:file:/Users/joshlane/Documents/Playground 2/inspectflow/.tools/node-v20.13.1-darwin-arm64/lib/node_modules/npm/npmrc Completed in 0ms
6 timing config:load:builtin Completed in 0ms
7 timing config:load:cli Completed in 1ms
8 timing config:load:env Completed in 0ms
9 timing config:load:file:/Users/joshlane/Documents/Playground 2/inspectflow/backend/.npmrc Completed in 0ms
10 timing config:load:project Completed in 1ms
11 timing config:load:file:/Users/joshlane/.npmrc Completed in 0ms
12 timing config:load:user Completed in 0ms
13 timing config:load:file:/Users/joshlane/Documents/Playground 2/inspectflow/.tools/node-v20.13.1-darwin-arm64/etc/npmrc Completed in 0ms
14 timing config:load:global Completed in 0ms
15 timing config:load:setEnvs Completed in 1ms
16 timing config:load Completed in 4ms
17 timing npm:load:configload Completed in 4ms
18 timing config:load:flatten Completed in 1ms
19 timing npm:load:mkdirpcache Completed in 0ms
20 timing npm:load:mkdirplogs Completed in 0ms
21 verbose title npm run dev
22 verbose argv "run" "dev"
23 timing npm:load:setTitle Completed in 6ms
24 timing npm:load:display Completed in 0ms
25 verbose logfile logs-max:10 dir:/Users/joshlane/Documents/Playground 2/inspectflow/.npm-cache/_logs/2026-03-11T02_41_58_161Z-
26 verbose logfile /Users/joshlane/Documents/Playground 2/inspectflow/.npm-cache/_logs/2026-03-11T02_41_58_161Z-debug-0.log
27 timing npm:load:logFile Completed in 1ms
28 timing npm:load:timers Completed in 0ms
29 timing npm:load:configScope Completed in 0ms
30 timing npm:load Completed in 18ms
31 silly logfile done cleaning log files
32 timing command:run Completed in 81506959ms
33 verbose exit 1
34 timing npm Completed in 81506987ms
35 verbose code 1
