0 verbose cli /Users/joshlane/Documents/Playground 2/inspectflow/.tools/node-v20.13.1-darwin-arm64/bin/node /Users/joshlane/Documents/Playground 2/inspectflow/.tools/node-v20.13.1-darwin-arm64/bin/npm
0 verbose cli /Users/joshlane/Documents/Playground 2/inspectflow/.tools/node-v20.13.1-darwin-arm64/bin/node /Users/joshlane/Documents/Playground 2/inspectflow/.tools/node-v20.13.1-darwin-arm64/bin/npm
1 info using npm@10.5.2
2 info using node@v20.13.1
1 info using npm@10.5.2
2 info using node@v20.13.1
3 timing npm:load:whichnode Completed in 0ms
4 timing config:load:defaults Completed in 1ms
5 timing config:load:file:/Users/joshlane/Documents/Playground 2/inspectflow/.tools/node-v20.13.1-darwin-arm64/lib/node_modules/npm/npmrc Completed in 1ms
6 timing config:load:builtin Completed in 1ms
7 timing config:load:cli Completed in 1ms
8 timing config:load:env Completed in 0ms
9 timing config:load:file:/Users/joshlane/Documents/Playground 2/inspectflow/backend/.npmrc Completed in 0ms
3 timing npm:load:whichnode Completed in 0ms
10 timing config:load:project Completed in 27ms
4 timing config:load:defaults Completed in 1ms
5 timing config:load:file:/Users/joshlane/Documents/Playground 2/inspectflow/.tools/node-v20.13.1-darwin-arm64/lib/node_modules/npm/npmrc Completed in 1ms
6 timing config:load:builtin Completed in 1ms
7 timing config:load:cli Completed in 1ms
8 timing config:load:env Completed in 0ms
9 timing config:load:file:/Users/joshlane/Documents/Playground 2/inspectflow/frontend/.npmrc Completed in 0ms
10 timing config:load:project Completed in 27ms
11 timing config:load:file:/Users/joshlane/.npmrc Completed in 0ms
12 timing config:load:user Completed in 0ms
13 timing config:load:file:/Users/joshlane/Documents/Playground 2/inspectflow/.tools/node-v20.13.1-darwin-arm64/etc/npmrc Completed in 1ms
14 timing config:load:global Completed in 1ms
15 timing config:load:setEnvs Completed in 0ms
16 timing config:load Completed in 31ms
17 timing npm:load:configload Completed in 31ms
11 timing config:load:file:/Users/joshlane/.npmrc Completed in 0ms
18 timing config:load:flatten Completed in 1ms
12 timing config:load:user Completed in 0ms
19 timing npm:load:mkdirpcache Completed in 0ms
13 timing config:load:file:/Users/joshlane/Documents/Playground 2/inspectflow/.tools/node-v20.13.1-darwin-arm64/etc/npmrc Completed in 0ms
20 timing npm:load:mkdirplogs Completed in 0ms
14 timing config:load:global Completed in 0ms
15 timing config:load:setEnvs Completed in 1ms
16 timing config:load Completed in 31ms
17 timing npm:load:configload Completed in 31ms
18 timing config:load:flatten Completed in 1ms
19 timing npm:load:mkdirpcache Completed in 0ms
20 timing npm:load:mkdirplogs Completed in 0ms
21 verbose title npm run dev
22 verbose argv "run" "dev"
23 timing npm:load:setTitle Completed in 1ms
24 timing npm:load:display Completed in 0ms
25 verbose logfile logs-max:10 dir:/Users/joshlane/Documents/Playground 2/inspectflow/.npm-cache/_logs/2026-03-13T08_57_00_606Z-
21 verbose title npm run dev --host 127.0.0.1 --port 5173
22 verbose argv "run" "dev" "--" "--host" "127.0.0.1" "--port" "5173"
23 timing npm:load:setTitle Completed in 1ms
24 timing npm:load:display Completed in 0ms
25 verbose logfile logs-max:10 dir:/Users/joshlane/Documents/Playground 2/inspectflow/.npm-cache/_logs/2026-03-13T08_57_00_606Z-
26 verbose logfile /Users/joshlane/Documents/Playground 2/inspectflow/.npm-cache/_logs/2026-03-13T08_57_00_606Z-debug-0.log
27 timing npm:load:logFile Completed in 1ms
26 verbose logfile /Users/joshlane/Documents/Playground 2/inspectflow/.npm-cache/_logs/2026-03-13T08_57_00_606Z-debug-0.log
27 timing npm:load:logFile Completed in 1ms
28 timing npm:load:timers Completed in 0ms
29 timing npm:load:configScope Completed in 0ms
28 timing npm:load:timers Completed in 0ms
30 timing npm:load Completed in 44ms
29 timing npm:load:configScope Completed in 0ms
30 timing npm:load Completed in 44ms
31 silly logfile start cleaning logs, removing 1 files
31 silly logfile start cleaning logs, removing 1 files
32 silly logfile done cleaning log files
32 silly logfile done cleaning log files
33 timing command:run Completed in 185ms
34 verbose exit 1
35 timing npm Completed in 245ms
36 verbose code 1
33 timing command:run Completed in 232ms
34 verbose exit 1
35 timing npm Completed in 292ms
36 verbose code 1
