Step: 06-gate-commercialization-rc
Started: 2026-04-01T23:58:52Z
Command: npm run gate:commercialization:rc


> inspectflow@0.1.0 gate:commercialization:rc
> bash scripts/release/run-commercialization-rc-gate.sh

Commercialization RC gate started at 2026-04-01T235801Z
Repository: /Users/joshlane/Documents/Playground 2/inspectflow
Status file: /Users/joshlane/Documents/Playground 2/inspectflow/STATUS.md
Worklog file: /Users/joshlane/Documents/Playground 2/inspectflow/WORKLOG.md
Evidence file: /Users/joshlane/Documents/Playground 2/inspectflow/docs/operations/cycles/evidence/2026-04-01T235801Z-release-path/commercialization-rc-gate.txt
Standardized command: npm run test:standardized
Checking required evidence artifacts...
Checking prerequisite backlog recoveries...
PASS: BL-084 is marked completed in STATUS.md.
PASS: BL-084 has a matching WORKLOG.md record.
PASS: BL-085 is marked completed in STATUS.md.
PASS: BL-085 has a matching WORKLOG.md record.
PASS: BL-091 is marked completed in STATUS.md.
PASS: BL-091 has a matching WORKLOG.md record.
DATABASE_URL_TEST not set; defaulting to postgres://postgres@localhost:5432/inspectflow_test for standardized/live UI checks.
Running standardized commercialization gate...

> inspectflow@0.1.0 test:standardized
> npm run test:coordination && npm run test:api && npm run test:ui:mock && npm run test:ui:live


> inspectflow@0.1.0 test:coordination
> npm run coordination:check && npm run context:budget


> inspectflow@0.1.0 coordination:check
> node scripts/validate-coordination.mjs

Coordination validation passed.

> inspectflow@0.1.0 context:budget
> node scripts/context/enforce-context-budget.mjs

PASS: context budget within policy.

> inspectflow@0.1.0 test:api
> npm run test --prefix backend


> inspectflow-backend@0.1.0 test
> NODE_ENV=test npm run db:test:setup && NODE_ENV=test vitest run


> inspectflow-backend@0.1.0 db:test:setup
> npm run db:migrate:test && npm run db:seed:test


> inspectflow-backend@0.1.0 db:migrate:test
> NODE_ENV=test node src/scripts/migrate.js

Schema applied.

> inspectflow-backend@0.1.0 db:seed:test
> NODE_ENV=test node src/scripts/seed.js

Seeded local credentials for 177 users.
Seed applied.

 RUN  v2.1.9 /Users/joshlane/Documents/Playground 2/inspectflow/backend

 ✓ test/backlog-validation-imports.test.js (13 tests) 218ms
 ✓ test/backlog-validation.test.js (15 tests) 214ms
 ✓ test/quality-export.test.js (4 tests) 163ms
 ✓ test/auth-hardening-entitlements.test.js (7 tests) 2029ms
   ✓ Auth hardening + entitlement contract > records login failure and lockout events 303ms
   ✓ Auth hardening + entitlement contract > records password change and reset events 1173ms
 ✓ test/analytics-pilot-readiness.test.js (2 tests) 82ms
 ✓ test/analytics-multisite-kpi.test.js (3 tests) 84ms
 ✓ test/analytics-calibration-impact.test.js (2 tests) 251ms
 ✓ test/capa-workflow.test.js (1 test) 85ms
 ✓ test/technical-ops-api.test.js (5 tests) 111ms
 ✓ test/controlled-documents.test.js (1 test) 94ms
 ✓ test/analytics-kpi-dashboard-risk-workflow.test.js (2 tests) 260ms
 ✓ test/quality-workflows.test.js (2 tests) 74ms
 ✓ test/integration-adapter-support-bundle.test.js (3 tests) 97ms
 ✓ test/integration-envelope.test.js (8 tests) 4ms
 ✓ test/analytics-mart-runtime.test.js (2 tests) 279ms
 ✓ test/analytics-spc.test.js (1 test) 180ms
 ✓ test/ops-routing-workflows.test.js (3 tests) 156ms
 ✓ test/idempotency-entrypoints.test.js (3 tests) 98ms
 ✓ test/operational-regression.test.js (3 tests) 85ms
 ❯ test/analytics-measurement-system.test.js (1 test | 1 failed) 193ms
   × measurement-system analytics > correlates tool health with defects and produces operator-safe remediation guidance 192ms
     → expected false to be true // Object.is equality
 ✓ test/integration-connector-runtime.test.js (4 tests) 4ms
 ✓ test/platform-entitlements-packaging.test.js (2 tests) 3ms
 ✓ test/auth.test.js (3 tests) 206ms
 ✓ test/future-analytics-anomaly.test.js (6 tests) 2ms
 ✓ test/future-analytics-kpi.test.js (5 tests) 3ms
 ✓ test/analytics-contracts.test.js (5 tests) 3ms
 ✓ test/future-quality-export-engine.test.js (4 tests) 4ms
 ✓ test/import-scheduler-worker.test.js (3 tests) 3ms
 ✓ test/customer-proof-center.test.js (2 tests) 92ms
 ✓ test/import-onboarding-toolkit.test.js (3 tests) 30ms
 ✓ test/integration-runtime-policy.test.js (4 tests) 3ms
 ✓ test/future-quality-risk-escalation.test.js (4 tests) 2ms
 ✓ test/future-idempotency-envelope.test.js (4 tests) 2ms
 ✓ test/future-integration-policy.test.js (4 tests) 2ms
 ✓ test/permissions.test.js (4 tests) 32ms
 ✓ test/stream-routes-contract.test.js (1 test) 65ms
 ✓ test/ecosystem-compatibility.test.js (1 test) 25ms
 ✓ test/revisions.test.js (2 tests) 1ms
 ✓ test/smoke.test.js (2 tests) 26ms

⎯⎯⎯⎯⎯⎯⎯ Failed Tests 1 ⎯⎯⎯⎯⎯⎯⎯

 FAIL  test/analytics-measurement-system.test.js > measurement-system analytics > correlates tool health with defects and produces operator-safe remediation guidance
AssertionError: expected false to be true // Object.is equality

- Expected
+ Received

- true
+ false

 ❯ test/analytics-measurement-system.test.js:156:91
    154|     expect(refresh.body.summary.toolCount).toBeGreaterThan(0);
    155|     expect(refresh.body.summary.flaggedToolCount).toBeGreaterThan(0);
    156|     expect(refresh.body.toolHealth.some((row) => Number(row.toolId) ==…
       |                                                                                           ^
    157|     const remediation = refresh.body.remediations.find((row) => Number…
    158|     expect(remediation).toBeTruthy();

⎯⎯⎯⎯⎯⎯⎯⎯⎯⎯⎯⎯⎯⎯⎯⎯⎯⎯⎯⎯⎯⎯⎯⎯[1/1]⎯

 Test Files  1 failed | 38 passed (39)
      Tests  1 failed | 143 passed (144)
   Start at  19:59:00
   Duration  12.29s (transform 191ms, setup 18ms, collect 2.97s, tests 5.27s, environment 3ms, prepare 989ms)

